[debug] [2021-06-25T15:14:19.668Z] ----------------------------------------------------------------------
[debug] [2021-06-25T15:14:19.670Z] Command:       C:\Program Files\nodejs\node.exe C:\Users\HP\AppData\Roaming\npm\node_modules\firebase-tools\lib\bin\firebase.js init --debug
[debug] [2021-06-25T15:14:19.670Z] CLI Version:   9.14.0
[debug] [2021-06-25T15:14:19.670Z] Platform:      win32
[debug] [2021-06-25T15:14:19.670Z] Node Version:  v14.15.4
[debug] [2021-06-25T15:14:19.672Z] Time:          Fri Jun 25 2021 15:14:19 GMT+0000 (heure moyenne de Greenwich)
[debug] [2021-06-25T15:14:19.672Z] ----------------------------------------------------------------------
[debug] 
[debug] [2021-06-25T15:14:19.682Z] > command requires scopes: ["email","openid","https://www.googleapis.com/auth/cloudplatformprojects.readonly","https://www.googleapis.com/auth/firebase","https://www.googleapis.com/auth/cloud-platform"]
[debug] [2021-06-25T15:14:19.683Z] > authorizing via signed-in user (dnikyema@gmail.com)
[info] 
     ######## #### ########  ######## ########     ###     ######  ########
     ##        ##  ##     ## ##       ##     ##  ##   ##  ##       ##
     ######    ##  ########  ######   ########  #########  ######  ######
     ##        ##  ##    ##  ##       ##     ## ##     ##       ## ##
     ##       #### ##     ## ######## ########  ##     ##  ######  ########

You're about to initialize a Firebase project in this directory:

  C:\Users\HP\WebstormProjects\forever-program-frontend

[info] 
=== Project Setup
[info] 
[info] First, let's associate this project directory with a Firebase project.
[info] You can create multiple project aliases by running firebase use --add, 
[info] but for now we'll just set up a default project.
[info] 
[debug] [2021-06-25T15:14:32.871Z] > refreshing access token with scopes: []
[debug] [2021-06-25T15:14:32.872Z] >>> HTTP REQUEST POST https://www.googleapis.com/oauth2/v3/token  
 <request body omitted>
[debug] [2021-06-25T15:14:33.626Z] <<< HTTP RESPONSE 200 {"date":"Fri, 25 Jun 2021 15:13:49 GMT","expires":"Mon, 01 Jan 1990 00:00:00 GMT","pragma":"no-cache","cache-control":"no-cache, no-store, max-age=0, must-revalidate","content-type":"application/json; charset=utf-8","vary":"X-Origin, Referer, Origin,Accept-Encoding","server":"scaffolding on HTTPServer2","x-xss-protection":"0","x-frame-options":"SAMEORIGIN","x-content-type-options":"nosniff","alt-svc":"h3=\":443\"; ma=2592000,h3-29=\":443\"; ma=2592000,h3-T051=\":443\"; ma=2592000,h3-Q050=\":443\"; ma=2592000,h3-Q046=\":443\"; ma=2592000,h3-Q043=\":443\"; ma=2592000,quic=\":443\"; ma=2592000; v=\"46,43\"","accept-ranges":"none","transfer-encoding":"chunked"}
[debug] [2021-06-25T15:14:33.648Z] >>> [apiv2][query] GET https://firebase.googleapis.com/v1beta1/projects pageSize=100
[debug] [2021-06-25T15:14:35.361Z] <<< [apiv2][status] GET https://firebase.googleapis.com/v1beta1/projects 200
[debug] [2021-06-25T15:14:35.362Z] <<< [apiv2][body] GET https://firebase.googleapis.com/v1beta1/projects [omitted]
[info] i  Using project forever-program (Forever Program) 
[info] 
=== Hosting:github Setup
[info] 
[info] i  Detected a .git folder at C:\Users\HP\WebstormProjects\forever-program-frontend 
[info] i  Authorizing with GitHub to upload your service account to a GitHub repository's secrets store. 
[info] 
[info] Visit this URL on this device to log in:
[info] https://github.com/login/oauth/authorize?client_id=89cf50f02ac6aaed3484&state=15231085&redirect_uri=http%3A%2F%2Flocalhost%3A9005&scope=read%3Auser%20repo%20public_repo
[info] 
[info] Waiting for authentication...
[debug] [2021-06-25T15:14:40.809Z] >>> HTTP REQUEST POST https://github.com/login/oauth/access_token  
 {"client_id":"89cf50f02ac6aaed3484","client_secret":"3330d14abc895d9a74d5f17cd7a00711fa2c5bf0","code":"38b65fa672d0d9a9c40b","redirect_uri":"http://localhost:9005","state":"15231085"}
[debug] [2021-06-25T15:14:41.875Z] <<< HTTP RESPONSE 200 {"server":"GitHub.com","date":"Fri, 25 Jun 2021 15:13:57 GMT","content-type":"application/json; charset=utf-8","transfer-encoding":"chunked","vary":"X-PJAX, Accept-Encoding, Accept, X-Requested-With","permissions-policy":"interest-cohort=()","etag":"W/\"98d4fa792461d6dfb1eec3dfa45e9712\"","cache-control":"max-age=0, private, must-revalidate","strict-transport-security":"max-age=31536000; includeSubdomains; preload","x-frame-options":"deny","x-content-type-options":"nosniff","x-xss-protection":"0","referrer-policy":"origin-when-cross-origin, strict-origin-when-cross-origin","expect-ct":"max-age=2592000, report-uri=\"https://api.github.com/_private/browser/errors\"","content-security-policy":"default-src 'none'; base-uri 'self'; block-all-mixed-content; connect-src 'self' uploads.github.com www.githubstatus.com collector.githubapp.com api.github.com github-cloud.s3.amazonaws.com github-production-repository-file-5c1aeb.s3.amazonaws.com github-production-upload-manifest-file-7fdce7.s3.amazonaws.com github-production-user-asset-6210df.s3.amazonaws.com cdn.optimizely.com logx.optimizely.com/v1/events translator.github.com wss://alive.github.com; font-src github.githubassets.com; form-action 'self' github.com gist.github.com; frame-ancestors 'none'; frame-src render.githubusercontent.com render-temp.githubusercontent.com viewscreen.githubusercontent.com; img-src 'self' data: github.githubassets.com identicons.github.com collector.githubapp.com github-cloud.s3.amazonaws.com secured-user-images.githubusercontent.com/ *.githubusercontent.com; manifest-src 'self'; media-src 'none'; script-src github.githubassets.com; style-src 'unsafe-inline' github.githubassets.com; worker-src github.com/socket-worker-3f088aa2.js gist.github.com/socket-worker-3f088aa2.js","x-github-request-id":"2DAD:BAEA:858F3D:89DA10:60D5F2B4"}
[debug] [2021-06-25T15:14:41.878Z] >>> [apiv2][query] GET https://api.github.com/user [none]
[debug] [2021-06-25T15:14:44.076Z] <<< [apiv2][status] GET https://api.github.com/user 200
[debug] [2021-06-25T15:14:44.077Z] <<< [apiv2][body] GET https://api.github.com/user {"login":"IAmDavidAxel","id":22123081,"node_id":"MDQ6VXNlcjIyMTIzMDgx","avatar_url":"https://avatars.githubusercontent.com/u/22123081?v=4","gravatar_id":"","url":"https://api.github.com/users/IAmDavidAxel","html_url":"https://github.com/IAmDavidAxel","followers_url":"https://api.github.com/users/IAmDavidAxel/followers","following_url":"https://api.github.com/users/IAmDavidAxel/following{/other_user}","gists_url":"https://api.github.com/users/IAmDavidAxel/gists{/gist_id}","starred_url":"https://api.github.com/users/IAmDavidAxel/starred{/owner}{/repo}","subscriptions_url":"https://api.github.com/users/IAmDavidAxel/subscriptions","organizations_url":"https://api.github.com/users/IAmDavidAxel/orgs","repos_url":"https://api.github.com/users/IAmDavidAxel/repos","events_url":"https://api.github.com/users/IAmDavidAxel/events{/privacy}","received_events_url":"https://api.github.com/users/IAmDavidAxel/received_events","type":"User","site_admin":false,"name":"David Axel Nikyèma","company":null,"blog":"","location":null,"email":"david-axel-wendbenedo.nikyema.1@ulaval.ca","hireable":true,"bio":":)","twitter_username":null,"public_repos":31,"public_gists":0,"followers":2,"following":10,"created_at":"2016-09-10T21:58:58Z","updated_at":"2021-06-25T13:26:56Z","private_gists":0,"total_private_repos":8,"owned_private_repos":7,"disk_usage":8746,"collaborators":1,"two_factor_authentication":false,"plan":{"name":"free","space":976562499,"collaborators":0,"private_repos":10000}}
[info] 
[info] +  Success! Logged into GitHub as IAmDavidAxel 
[info] 
[debug] [2021-06-25T15:15:01.910Z] >>> [apiv2][query] GET https://api.github.com/repos/IAmDavidAxel/foreverFrontend/actions/secrets/public-key type=owner
[debug] [2021-06-25T15:15:03.996Z] <<< [apiv2][status] GET https://api.github.com/repos/IAmDavidAxel/foreverFrontend/actions/secrets/public-key 200
[debug] [2021-06-25T15:15:03.997Z] <<< [apiv2][body] GET https://api.github.com/repos/IAmDavidAxel/foreverFrontend/actions/secrets/public-key {"key_id":"568250167242549743","key":"6uSOyS4e3Cz1mFLKIbSdFcleH2GuYSiaEXFHcoiPDgg="}
[debug] [2021-06-25T15:15:04.000Z] >>> [apiv2][query] GET https://api.github.com/repos/IAmDavidAxel/foreverFrontend [none]
[debug] [2021-06-25T15:15:04.830Z] <<< [apiv2][status] GET https://api.github.com/repos/IAmDavidAxel/foreverFrontend 200
[debug] [2021-06-25T15:15:04.830Z] <<< [apiv2][body] GET https://api.github.com/repos/IAmDavidAxel/foreverFrontend {"id":380051297,"node_id":"MDEwOlJlcG9zaXRvcnkzODAwNTEyOTc=","name":"foreverFrontend","full_name":"IAmDavidAxel/foreverFrontend","private":false,"owner":{"login":"IAmDavidAxel","id":22123081,"node_id":"MDQ6VXNlcjIyMTIzMDgx","avatar_url":"https://avatars.githubusercontent.com/u/22123081?v=4","gravatar_id":"","url":"https://api.github.com/users/IAmDavidAxel","html_url":"https://github.com/IAmDavidAxel","followers_url":"https://api.github.com/users/IAmDavidAxel/followers","following_url":"https://api.github.com/users/IAmDavidAxel/following{/other_user}","gists_url":"https://api.github.com/users/IAmDavidAxel/gists{/gist_id}","starred_url":"https://api.github.com/users/IAmDavidAxel/starred{/owner}{/repo}","subscriptions_url":"https://api.github.com/users/IAmDavidAxel/subscriptions","organizations_url":"https://api.github.com/users/IAmDavidAxel/orgs","repos_url":"https://api.github.com/users/IAmDavidAxel/repos","events_url":"https://api.github.com/users/IAmDavidAxel/events{/privacy}","received_events_url":"https://api.github.com/users/IAmDavidAxel/received_events","type":"User","site_admin":false},"html_url":"https://github.com/IAmDavidAxel/foreverFrontend","description":null,"fork":false,"url":"https://api.github.com/repos/IAmDavidAxel/foreverFrontend","forks_url":"https://api.github.com/repos/IAmDavidAxel/foreverFrontend/forks","keys_url":"https://api.github.com/repos/IAmDavidAxel/foreverFrontend/keys{/key_id}","collaborators_url":"https://api.github.com/repos/IAmDavidAxel/foreverFrontend/collaborators{/collaborator}","teams_url":"https://api.github.com/repos/IAmDavidAxel/foreverFrontend/teams","hooks_url":"https://api.github.com/repos/IAmDavidAxel/foreverFrontend/hooks","issue_events_url":"https://api.github.com/repos/IAmDavidAxel/foreverFrontend/issues/events{/number}","events_url":"https://api.github.com/repos/IAmDavidAxel/foreverFrontend/events","assignees_url":"https://api.github.com/repos/IAmDavidAxel/foreverFrontend/assignees{/user}","branches_url":"https://api.github.com/repos/IAmDavidAxel/foreverFrontend/branches{/branch}","tags_url":"https://api.github.com/repos/IAmDavidAxel/foreverFrontend/tags","blobs_url":"https://api.github.com/repos/IAmDavidAxel/foreverFrontend/git/blobs{/sha}","git_tags_url":"https://api.github.com/repos/IAmDavidAxel/foreverFrontend/git/tags{/sha}","git_refs_url":"https://api.github.com/repos/IAmDavidAxel/foreverFrontend/git/refs{/sha}","trees_url":"https://api.github.com/repos/IAmDavidAxel/foreverFrontend/git/trees{/sha}","statuses_url":"https://api.github.com/repos/IAmDavidAxel/foreverFrontend/statuses/{sha}","languages_url":"https://api.github.com/repos/IAmDavidAxel/foreverFrontend/languages","stargazers_url":"https://api.github.com/repos/IAmDavidAxel/foreverFrontend/stargazers","contributors_url":"https://api.github.com/repos/IAmDavidAxel/foreverFrontend/contributors","subscribers_url":"https://api.github.com/repos/IAmDavidAxel/foreverFrontend/subscribers","subscription_url":"https://api.github.com/repos/IAmDavidAxel/foreverFrontend/subscription","commits_url":"https://api.github.com/repos/IAmDavidAxel/foreverFrontend/commits{/sha}","git_commits_url":"https://api.github.com/repos/IAmDavidAxel/foreverFrontend/git/commits{/sha}","comments_url":"https://api.github.com/repos/IAmDavidAxel/foreverFrontend/comments{/number}","issue_comment_url":"https://api.github.com/repos/IAmDavidAxel/foreverFrontend/issues/comments{/number}","contents_url":"https://api.github.com/repos/IAmDavidAxel/foreverFrontend/contents/{+path}","compare_url":"https://api.github.com/repos/IAmDavidAxel/foreverFrontend/compare/{base}...{head}","merges_url":"https://api.github.com/repos/IAmDavidAxel/foreverFrontend/merges","archive_url":"https://api.github.com/repos/IAmDavidAxel/foreverFrontend/{archive_format}{/ref}","downloads_url":"https://api.github.com/repos/IAmDavidAxel/foreverFrontend/downloads","issues_url":"https://api.github.com/repos/IAmDavidAxel/foreverFrontend/issues{/number}","pulls_url":"https://api.github.com/repos/IAmDavidAxel/foreverFrontend/pulls{/number}","milestones_url":"https://api.github.com/repos/IAmDavidAxel/foreverFrontend/milestones{/number}","notifications_url":"https://api.github.com/repos/IAmDavidAxel/foreverFrontend/notifications{?since,all,participating}","labels_url":"https://api.github.com/repos/IAmDavidAxel/foreverFrontend/labels{/name}","releases_url":"https://api.github.com/repos/IAmDavidAxel/foreverFrontend/releases{/id}","deployments_url":"https://api.github.com/repos/IAmDavidAxel/foreverFrontend/deployments","created_at":"2021-06-24T21:10:41Z","updated_at":"2021-06-25T11:22:53Z","pushed_at":"2021-06-25T11:07:46Z","git_url":"git://github.com/IAmDavidAxel/foreverFrontend.git","ssh_url":"git@github.com:IAmDavidAxel/foreverFrontend.git","clone_url":"https://github.com/IAmDavidAxel/foreverFrontend.git","svn_url":"https://github.com/IAmDavidAxel/foreverFrontend","homepage":null,"size":158,"stargazers_count":0,"watchers_count":0,"language":"TypeScript","has_issues":true,"has_projects":true,"has_downloads":true,"has_wiki":true,"has_pages":false,"forks_count":0,"mirror_url":null,"archived":false,"disabled":false,"open_issues_count":0,"license":null,"forks":0,"open_issues":0,"watchers":0,"default_branch":"master","permissions":{"admin":true,"push":true,"pull":true},"temp_clone_token":"","allow_squash_merge":true,"allow_merge_commit":true,"allow_rebase_merge":true,"delete_branch_on_merge":false,"network_count":0,"subscribers_count":1}
[debug] [2021-06-25T15:15:04.834Z] > refreshing access token with scopes: ["email","https://www.googleapis.com/auth/cloud-platform","https://www.googleapis.com/auth/cloudplatformprojects.readonly","https://www.googleapis.com/auth/firebase","openid"]
[debug] [2021-06-25T15:15:04.834Z] >>> HTTP REQUEST POST https://www.googleapis.com/oauth2/v3/token  
 <request body omitted>
[debug] [2021-06-25T15:15:06.395Z] <<< HTTP RESPONSE 200 {"pragma":"no-cache","date":"Fri, 25 Jun 2021 15:14:21 GMT","expires":"Mon, 01 Jan 1990 00:00:00 GMT","cache-control":"no-cache, no-store, max-age=0, must-revalidate","content-type":"application/json; charset=utf-8","vary":"X-Origin, Referer, Origin,Accept-Encoding","server":"scaffolding on HTTPServer2","x-xss-protection":"0","x-frame-options":"SAMEORIGIN","x-content-type-options":"nosniff","alt-svc":"h3=\":443\"; ma=2592000,h3-29=\":443\"; ma=2592000,h3-T051=\":443\"; ma=2592000,h3-Q050=\":443\"; ma=2592000,h3-Q046=\":443\"; ma=2592000,h3-Q043=\":443\"; ma=2592000,quic=\":443\"; ma=2592000; v=\"46,43\"","accept-ranges":"none","transfer-encoding":"chunked"}
[debug] [2021-06-25T15:15:06.414Z] >>> HTTP REQUEST POST https://iam.googleapis.com/v1/projects/forever-program/serviceAccounts  
 {"accountId":"github-action-380051297","serviceAccount":{"displayName":"GitHub Actions (IAmDavidAxel/foreverFrontend)","description":"A service account with permission to deploy to Firebase Hosting for the GitHub repository IAmDavidAxel/foreverFrontend"}}
[debug] [2021-06-25T15:15:09.212Z] <<< HTTP RESPONSE 409 {"vary":"X-Origin, Referer, Origin,Accept-Encoding","content-type":"application/json; charset=UTF-8","date":"Fri, 25 Jun 2021 15:14:24 GMT","server":"ESF","cache-control":"private","x-xss-protection":"0","x-frame-options":"SAMEORIGIN","x-content-type-options":"nosniff","alt-svc":"h3=\":443\"; ma=2592000,h3-29=\":443\"; ma=2592000,h3-T051=\":443\"; ma=2592000,h3-Q050=\":443\"; ma=2592000,h3-Q046=\":443\"; ma=2592000,h3-Q043=\":443\"; ma=2592000,quic=\":443\"; ma=2592000; v=\"46,43\"","accept-ranges":"none","transfer-encoding":"chunked"}
[debug] [2021-06-25T15:15:09.212Z] <<< HTTP RESPONSE BODY {"error":{"code":409,"message":"Service account github-action-380051297 already exists within project projects/forever-program.","status":"ALREADY_EXISTS","details":[{"@type":"type.googleapis.com/google.rpc.ResourceInfo","resourceName":"projects/forever-program/serviceAccounts/github-action-380051297@forever-program.iam.gserviceaccount.com"}]}}
[debug] [2021-06-25T15:15:09.215Z] >>> HTTP REQUEST GET https://iam.googleapis.com/v1/projects/forever-program/serviceAccounts/github-action-380051297@forever-program.iam.gserviceaccount.com  
 
[debug] [2021-06-25T15:15:09.215Z] >>> HTTP REQUEST POST https://cloudresourcemanager.googleapis.com/v1/projects/forever-program:getIamPolicy  
 
[debug] [2021-06-25T15:15:10.716Z] <<< HTTP RESPONSE 200 {"content-type":"application/json; charset=UTF-8","vary":"X-Origin, Referer, Origin,Accept-Encoding","date":"Fri, 25 Jun 2021 15:14:26 GMT","server":"ESF","cache-control":"private","x-xss-protection":"0","x-frame-options":"SAMEORIGIN","x-content-type-options":"nosniff","alt-svc":"h3=\":443\"; ma=2592000,h3-29=\":443\"; ma=2592000,h3-T051=\":443\"; ma=2592000,h3-Q050=\":443\"; ma=2592000,h3-Q046=\":443\"; ma=2592000,h3-Q043=\":443\"; ma=2592000,quic=\":443\"; ma=2592000; v=\"46,43\"","accept-ranges":"none","transfer-encoding":"chunked"}
[debug] [2021-06-25T15:15:10.912Z] <<< HTTP RESPONSE 200 {"content-type":"application/json; charset=UTF-8","vary":"X-Origin, Referer, Origin,Accept-Encoding","date":"Fri, 25 Jun 2021 15:14:26 GMT","server":"ESF","cache-control":"private","x-xss-protection":"0","x-frame-options":"SAMEORIGIN","x-content-type-options":"nosniff","server-timing":"gfet4t7; dur=1258","alt-svc":"h3=\":443\"; ma=2592000,h3-29=\":443\"; ma=2592000,h3-T051=\":443\"; ma=2592000,h3-Q050=\":443\"; ma=2592000,h3-Q046=\":443\"; ma=2592000,h3-Q043=\":443\"; ma=2592000,quic=\":443\"; ma=2592000; v=\"46,43\"","accept-ranges":"none","transfer-encoding":"chunked"}
[debug] [2021-06-25T15:15:10.914Z] >>> HTTP REQUEST POST https://cloudresourcemanager.googleapis.com/v1/projects/forever-program:setIamPolicy  
 {"policy":{"version":1,"etag":"BwXFmIzTWqs=","bindings":[{"role":"roles/firebase.managementServiceAgent","members":["serviceAccount:firebase-service-account@firebase-sa-management.iam.gserviceaccount.com"]},{"role":"roles/firebase.sdkAdminServiceAgent","members":["serviceAccount:firebase-adminsdk-9kcp9@forever-program.iam.gserviceaccount.com"]},{"role":"roles/firebaseauth.admin","members":["serviceAccount:github-action-380051297@forever-program.iam.gserviceaccount.com"]},{"role":"roles/firebasehosting.admin","members":["serviceAccount:github-action-380051297@forever-program.iam.gserviceaccount.com"]},{"role":"roles/firebaserules.system","members":["serviceAccount:service-653400641205@firebase-rules.iam.gserviceaccount.com"]},{"role":"roles/iam.serviceAccountTokenCreator","members":["serviceAccount:firebase-adminsdk-9kcp9@forever-program.iam.gserviceaccount.com"]},{"role":"roles/owner","members":["user:dnikyema@gmail.com"]},{"role":"roles/run.viewer","members":["serviceAccount:github-action-380051297@forever-program.iam.gserviceaccount.com"]},{"role":"roles/serviceusage.apiKeysViewer","members":["serviceAccount:github-action-380051297@forever-program.iam.gserviceaccount.com"]}]},"updateMask":"bindings"}
[debug] [2021-06-25T15:15:12.920Z] <<< HTTP RESPONSE 200 {"content-type":"application/json; charset=UTF-8","vary":"X-Origin, Referer, Origin,Accept-Encoding","date":"Fri, 25 Jun 2021 15:14:28 GMT","server":"ESF","cache-control":"private","x-xss-protection":"0","x-frame-options":"SAMEORIGIN","x-content-type-options":"nosniff","server-timing":"gfet4t7; dur=1560","alt-svc":"h3=\":443\"; ma=2592000,h3-29=\":443\"; ma=2592000,h3-T051=\":443\"; ma=2592000,h3-Q050=\":443\"; ma=2592000,h3-Q046=\":443\"; ma=2592000,h3-Q043=\":443\"; ma=2592000,quic=\":443\"; ma=2592000; v=\"46,43\"","accept-ranges":"none","transfer-encoding":"chunked"}
[debug] [2021-06-25T15:15:12.922Z] >>> HTTP REQUEST POST https://iam.googleapis.com/v1/projects/forever-program/serviceAccounts/github-action-380051297@forever-program.iam.gserviceaccount.com/keys  
 {"keyAlgorithm":"KEY_ALG_UNSPECIFIED","privateKeyType":"TYPE_GOOGLE_CREDENTIALS_FILE"}
[debug] [2021-06-25T15:15:14.476Z] <<< HTTP RESPONSE 400 {"vary":"X-Origin, Referer, Origin,Accept-Encoding","content-type":"application/json; charset=UTF-8","date":"Fri, 25 Jun 2021 15:14:30 GMT","server":"ESF","cache-control":"private","x-xss-protection":"0","x-frame-options":"SAMEORIGIN","x-content-type-options":"nosniff","alt-svc":"h3=\":443\"; ma=2592000,h3-29=\":443\"; ma=2592000,h3-T051=\":443\"; ma=2592000,h3-Q050=\":443\"; ma=2592000,h3-Q046=\":443\"; ma=2592000,h3-Q043=\":443\"; ma=2592000,quic=\":443\"; ma=2592000; v=\"46,43\"","accept-ranges":"none","transfer-encoding":"chunked"}
[debug] [2021-06-25T15:15:14.476Z] <<< HTTP RESPONSE BODY {"error":{"code":400,"message":"Precondition check failed.","status":"FAILED_PRECONDITION"}}
[error] 
[error] Error: HTTP Error: 400, Precondition check failed.
[debug] [2021-06-25T15:15:14.993Z] Error Context: {
  "body": {
    "error": {
      "code": 400,
      "message": "Precondition check failed.",
      "status": "FAILED_PRECONDITION"
    }
  },
  "response": {
    "statusCode": 400,
    "body": {
      "error": {
        "code": 400,
        "message": "Precondition check failed.",
        "status": "FAILED_PRECONDITION"
      }
    },
    "headers": {
      "vary": "X-Origin, Referer, Origin,Accept-Encoding",
      "content-type": "application/json; charset=UTF-8",
      "date": "Fri, 25 Jun 2021 15:14:30 GMT",
      "server": "ESF",
      "cache-control": "private",
      "x-xss-protection": "0",
      "x-frame-options": "SAMEORIGIN",
      "x-content-type-options": "nosniff",
      "alt-svc": "h3=\":443\"; ma=2592000,h3-29=\":443\"; ma=2592000,h3-T051=\":443\"; ma=2592000,h3-Q050=\":443\"; ma=2592000,h3-Q046=\":443\"; ma=2592000,h3-Q043=\":443\"; ma=2592000,quic=\":443\"; ma=2592000; v=\"46,43\"",
      "accept-ranges": "none",
      "transfer-encoding": "chunked"
    },
    "request": {
      "uri": {
        "protocol": "https:",
        "slashes": true,
        "auth": null,
        "host": "iam.googleapis.com",
        "port": 443,
        "hostname": "iam.googleapis.com",
        "hash": null,
        "search": null,
        "query": null,
        "pathname": "/v1/projects/forever-program/serviceAccounts/github-action-380051297@forever-program.iam.gserviceaccount.com/keys",
        "path": "/v1/projects/forever-program/serviceAccounts/github-action-380051297@forever-program.iam.gserviceaccount.com/keys",
        "href": "https://iam.googleapis.com/v1/projects/forever-program/serviceAccounts/github-action-380051297@forever-program.iam.gserviceaccount.com/keys"
      },
      "method": "POST"
    }
  }
}
